[2020-05-12 21:29:04]  ----- BEGIN -----
[2020-05-12 21:29:04]  Old version 
[2020-05-13 12:47:17]  ----- BEGIN -----
[2020-05-13 12:47:17]  Old version 1.7.9
[2020-05-13 12:47:17]  Store plugin version 1.7.9
[2020-05-13 12:47:17]  ----- END -----

[2020-05-13 17:32:52]  ----- BEGIN -----
[2020-05-13 17:32:52]  Old version 1.7.9
[2020-05-13 17:32:52]  Store plugin version 1.7.9
[2020-05-13 17:32:52]  ----- END -----

[2020-05-13 17:32:57]  ----- BEGIN -----
[2020-05-13 17:32:57]  Old version 1.7.9
[2020-05-13 17:32:57]  Store plugin version 1.7.9
[2020-05-13 17:32:57]  ----- END -----

[2020-05-16 20:53:35]  ----- BEGIN -----
[2020-05-16 20:53:35]  Old version 1.7.9
[2020-05-16 20:53:35]  Store plugin version 1.7.9
[2020-05-16 20:53:35]  ----- END -----

[2020-05-18 14:52:25]  ----- BEGIN -----
[2020-05-18 14:52:25]  Old version 1.7.9
[2020-05-18 14:52:26]  Store plugin version 1.7.9
[2020-05-18 14:52:26]  ----- END -----

[2020-05-18 18:36:54]  ----- BEGIN -----
[2020-05-18 18:36:54]  Old version 1.7.9
[2020-05-18 18:36:54]  Store plugin version 1.7.9
[2020-05-18 18:36:54]  ----- END -----

[2020-05-18 18:36:56]  ----- BEGIN -----
[2020-05-18 18:36:56]  Old version 1.7.9
[2020-05-18 18:36:56]  Store plugin version 1.7.9
[2020-05-18 18:36:56]  ----- END -----

[2020-05-18 18:37:00]  ----- BEGIN -----
[2020-05-18 18:37:00]  Old version 1.7.9
[2020-05-18 18:37:00]  Store plugin version 1.7.9
[2020-05-18 18:37:00]  ----- END -----

[2020-05-18 18:45:02]  ----- BEGIN -----
[2020-05-18 18:45:02]  Old version 1.7.9
[2020-05-18 18:45:02]  Store plugin version 1.7.9
[2020-05-18 18:45:02]  ----- END -----

[2020-05-18 18:45:05]  ----- BEGIN -----
[2020-05-18 18:45:05]  Old version 1.7.9
[2020-05-18 18:45:05]  Store plugin version 1.7.9
[2020-05-18 18:45:05]  ----- END -----

[2020-05-18 21:05:07]  ----- BEGIN -----
[2020-05-18 21:05:07]  Old version 1.7.9
[2020-05-18 21:05:07]  Store plugin version 1.7.9
[2020-05-18 21:05:07]  ----- END -----

[2020-05-19 17:33:13]  ----- BEGIN -----
[2020-05-19 17:33:13]  Old version 1.7.9
[2020-05-19 17:33:13]  Store plugin version 1.7.9
[2020-05-19 17:33:13]  ----- END -----

[2020-05-19 18:35:27]  ----- BEGIN -----
[2020-05-19 18:35:27]  Old version 1.7.9
[2020-05-19 18:35:27]  Store plugin version 1.7.9
[2020-05-19 18:35:27]  ----- END -----

[2020-05-27 20:27:56]  ----- BEGIN -----
[2020-05-27 20:27:56]  Old version 1.7.9
[2020-05-27 20:27:56]  Store plugin version 1.7.9
[2020-05-27 20:27:56]  ----- END -----

